[debug] > Exec(early(addDefaultCommands), None, None)
[debug] > Exec(addDefaultCommands, None, None)
[debug] > Exec(early(initialize), None, None)
[debug] > Exec(initialize, None, None)
[debug] > Exec(early(addPluginSbtFile="""C:\Users\ONI\AppData\Local\Temp\idea.sbt"""), None, None)
[debug] > Exec(addPluginSbtFile="""C:\Users\ONI\AppData\Local\Temp\idea.sbt""", None, None)
[debug] > Exec(boot, None, None)
[debug] > Exec(writeSbtVersion, None, None)
[debug] > Exec(reload, None, None)
[debug] > Exec(sbtStashOnFailure, None, None)
[debug] > Exec(onFailure loadFailed, None, None)
[debug] > Exec(loadp, None, None)
[info] welcome to sbt 1.10.0 (Amazon.com Inc. Java 21.0.3)
[debug] Load.defaultLoad until apply took 195.7669ms
[debug]           Load.loadUnit: plugins took 145.5527ms
[debug]           Load.loadUnit: defsScala took 0.675ms
[debug] [Loading] Scanning directory C:\Users\ONI\Desktop\ssau\Prolog\LR6\project
[debug]             Load.loadUnit: mkEval took 10.4608ms
[debug] [Loading] Found non-root projects 
[debug] [Loading] Done in C:\Users\ONI\Desktop\ssau\Prolog\LR6\project, returning: ()
[debug] deducing auto plugins based on known facts Set(Atom(sbt.plugins.CorePlugin)) and clauses Clauses(Clause(Atom(sbt.plugins.JvmPlugin),Set(Atom(sbt.plugins.IvyPlugin)))
[debug] Clause(Atom(sbt.ScriptedPlugin),Set(Atom(sbt.plugins.JvmPlugin)))
[debug] Clause(Atom(sbt.plugins.SbtPlugin),Set(Atom(sbt.ScriptedPlugin)))
[debug] Clause(Atom(sbt.plugins.SemanticdbPlugin),Set(Atom(sbt.plugins.JvmPlugin)))
[debug] Clause(Atom(sbt.plugins.JUnitXmlReportPlugin),Set(Atom(sbt.plugins.JvmPlugin)))
[debug] Clause(Atom(sbt.plugins.MiniDependencyTreePlugin),Set(Atom(sbt.plugins.JvmPlugin)))
[debug] Clause(Atom(sbt.plugins.CorePlugin),Set(Atom(sbt.plugins.IvyPlugin)))
[debug] Clause(Atom(sbt.plugins.IvyPlugin),Set(Atom(sbt.plugins.JvmPlugin)))
[debug] Clause(Atom(sbt.plugins.JvmPlugin),Set(Atom(sbt.plugins.SemanticdbPlugin)))
[debug] Clause(Atom(sbt.plugins.JvmPlugin),Set(Atom(sbt.plugins.JUnitXmlReportPlugin)))
[debug] Clause(Atom(sbt.plugins.CorePlugin),Set(Atom(sbt.plugins.Giter8TemplatePlugin)))
[debug] Clause(Atom(sbt.plugins.JvmPlugin),Set(Atom(sbt.plugins.MiniDependencyTreePlugin))))
[debug]   :: deduced result: Matched(sbt.plugins.CorePlugin,sbt.plugins.Giter8TemplatePlugin,sbt.plugins.IvyPlugin,sbt.plugins.JvmPlugin,sbt.plugins.MiniDependencyTreePlugin,sbt.plugins.JUnitXmlReportPlugin,sbt.plugins.SemanticdbPlugin)
[debug] Plugins.deducer#function took 31.3375 ms
[info] loading settings for project lr6-build from idea.sbt ...
[debug]               Load.resolveProject(lr6-build) took 74.1515ms
[debug]             Load.loadTransitive: finalizeProject(Project(id lr6-build, base: C:\Users\ONI\Desktop\ssau\Prolog\LR6\project, plugins: List(<none>))) took 122.9249ms
[debug] [Loading] Done in C:\Users\ONI\Desktop\ssau\Prolog\LR6\project, returning: (lr6-build)
[debug]           Load.loadUnit: loadedProjectsRaw took 4969.2304ms
[debug]           Load.loadUnit: cleanEvalClasses took 86.4518ms
[debug]         Load.loadUnit(file:/C:/Users/ONI/Desktop/ssau/Prolog/LR6/project/, ...) took 5213.4966ms
[debug]       Load.apply: load took 5445.8488ms
[debug]       Load.apply: resolveProjects took 10.1994ms
[debug]       Load.apply: finalTransforms took 104.9553ms
[debug]       Load.apply: config.delegates took 10.7715ms
[debug]       Load.apply: Def.make(settings)... took 559.2865ms
[debug]       Load.apply: structureIndex took 156.5029ms
[debug]       Load.apply: mkStreams took 2.8162ms
[info] loading project definition from C:\Users\ONI\Desktop\ssau\Prolog\LR6\project
[debug] Running task... Cancel: Signal, check cycles: false, forcegc: true
[debug]     Load.loadUnit: plugins took 10751.6241ms
[debug]     Load.loadUnit: defsScala took 0.0035ms
[debug] [Loading] Scanning directory C:\Users\ONI\Desktop\ssau\Prolog\LR6
[debug]       Load.loadUnit: mkEval took 0.4408ms
[debug] [Loading] Found root project root w/ remaining 
[debug] deducing auto plugins based on known facts Set(Atom(sbt.plugins.CorePlugin)) and clauses Clauses(Clause(Atom(sbt.plugins.JvmPlugin),Set(Atom(sbt.plugins.IvyPlugin)))
[debug] Clause(Atom(sbt.ScriptedPlugin),Set(Atom(sbt.plugins.JvmPlugin)))
[debug] Clause(Atom(sbt.plugins.SbtPlugin),Set(Atom(sbt.ScriptedPlugin)))
[debug] Clause(Atom(sbt.plugins.SemanticdbPlugin),Set(Atom(sbt.plugins.JvmPlugin)))
[debug] Clause(Atom(sbt.plugins.JUnitXmlReportPlugin),Set(Atom(sbt.plugins.JvmPlugin)))
[debug] Clause(Atom(sbt.plugins.MiniDependencyTreePlugin),Set(Atom(sbt.plugins.JvmPlugin)))
[debug] Clause(Atom(org.jetbrains.sbt.StructurePlugin),Set(Atom(sbt.plugins.JvmPlugin)))
[debug] Clause(Atom(org.jetbrains.sbt.IdeaShellPlugin),Set(Atom(sbt.plugins.JvmPlugin)))
[debug] Clause(Atom(org.jetbrains.sbt.indices.SbtIntellijIndicesPlugin),Set(Atom(sbt.plugins.JvmPlugin)))
[debug] Clause(Atom(sbt.plugins.CorePlugin),Set(Atom(sbt.plugins.IvyPlugin)))
[debug] Clause(Atom(sbt.plugins.IvyPlugin),Set(Atom(sbt.plugins.JvmPlugin)))
[debug] Clause(Atom(sbt.plugins.JvmPlugin),Set(Atom(sbt.plugins.SemanticdbPlugin)))
[debug] Clause(Atom(sbt.plugins.JvmPlugin),Set(Atom(sbt.plugins.JUnitXmlReportPlugin)))
[debug] Clause(Atom(sbt.plugins.CorePlugin),Set(Atom(sbt.plugins.Giter8TemplatePlugin)))
[debug] Clause(Atom(sbt.plugins.JvmPlugin),Set(Atom(sbt.plugins.MiniDependencyTreePlugin)))
[debug] Clause(Atom(sbt.plugins.JvmPlugin),Set(Atom(org.jetbrains.sbt.StructurePlugin)))
[debug] Clause(Atom(sbt.plugins.JvmPlugin),Set(Atom(org.jetbrains.sbt.IdeaShellPlugin)))
[debug] Clause(And(Set(Atom(sbt.plugins.CorePlugin), Atom(sbt.plugins.JvmPlugin))),Set(Atom(org.jetbrains.sbt.indices.SbtIntellijIndicesPlugin))))
[debug]   :: deduced result: Matched(sbt.plugins.CorePlugin,sbt.plugins.Giter8TemplatePlugin,sbt.plugins.IvyPlugin,sbt.plugins.JvmPlugin,sbt.plugins.SemanticdbPlugin,org.jetbrains.sbt.indices.SbtIntellijIndicesPlugin,sbt.plugins.JUnitXmlReportPlugin,org.jetbrains.sbt.IdeaShellPlugin,org.jetbrains.sbt.StructurePlugin,sbt.plugins.MiniDependencyTreePlugin)
[debug] Plugins.deducer#function took 4.1179 ms
[info] loading settings for project root from build.sbt ...
[debug]         Load.resolveProject(root) took 43.7528ms
[debug]       Load.loadTransitive: finalizeProject(Project(id root, base: C:\Users\ONI\Desktop\ssau\Prolog\LR6, plugins: List(<none>))) took 50.1078ms
[debug] [Loading] Done in C:\Users\ONI\Desktop\ssau\Prolog\LR6, returning: (root)
[debug]     Load.loadUnit: loadedProjectsRaw took 2281.8215ms
[debug]     Load.loadUnit: cleanEvalClasses took 74.8282ms
[debug]   Load.loadUnit(file:/C:/Users/ONI/Desktop/ssau/Prolog/LR6/, ...) took 13111.7485ms
[debug] Load.apply: load took 13157.3568ms
[debug] Load.apply: resolveProjects took 0.2521ms
[debug] Load.apply: finalTransforms took 74.2457ms
[debug] Load.apply: config.delegates took 1.1832ms
[debug] Load.apply: Def.make(settings)... took 139.1732ms
[debug] Load.apply: structureIndex took 45.7728ms
[debug] Load.apply: mkStreams took 0.0037ms
[info] set current project to LR6 (in build file:/C:/Users/ONI/Desktop/ssau/Prolog/LR6/)
[debug] > Exec(sbtPopOnFailure, None, None)
[debug] > Exec(resumeFromFailure, None, None)
[debug] > Exec(notifyUsersAboutShell, None, None)
[debug] > Exec(iflast shell, None, None)
[debug] > Exec(; set ideaPort in Global := 51827 ; idea-shell, None, None)
[debug] > Exec(set ideaPort in Global := 51827, None, None)
[info] Defining Global / ideaPort
[info] The new value will be used by Compile / compile, Test / compile
[debug] Defining 
[debug] 	Global / ideaPort
[debug] 
[debug] The new value will be used by 
[debug] 	Compile / compile
[debug] 	Test / compile
[info] Reapplying settings...
[info] set current project to LR6 (in build file:/C:/Users/ONI/Desktop/ssau/Prolog/LR6/)
[debug] > Exec(idea-shell, None, None)
